#
# A fatal error has been detected by the Java Runtime Environment:
#
#  EXCEPTION_ACCESS_VIOLATION (0xc0000005) at pc=0x0000000064c77325, pid=6644, tid=8120
#
# JRE version: Java(TM) SE Runtime Environment (8.0-b132) (build 1.8.0-b132)
# Java VM: Java HotSpot(TM) 64-Bit Server VM (25.0-b70 mixed mode windows-amd64 compressed oops)
# Problematic frame:
# V  [jvm.dll+0x117325]
#
# Failed to write core dump. Minidumps are not enabled by default on client versions of Windows
#
# If you would like to submit a bug report, please visit:
#   http://bugreport.sun.com/bugreport/crash.jsp
#

---------------  T H R E A D  ---------------

Current thread (0x00000000577a7800):  JavaThread "JDWP Transport Listener: dt_socket" daemon [_thread_in_vm, id=8120, stack(0x0000000058350000,0x0000000058450000)]

siginfo: ExceptionCode=0xc0000005, reading address 0xffffffffffffffff

Registers:
RAX=0x000000005844f701, RBX=0x00000000577a7800, RCX=0x746361466e6f6974, RDX=0x0000000000000000
RSP=0x000000005844f6b0, RBP=0x746361466e6f6974, RSI=0x000000005844f7c8, RDI=0x0000000002359380
R8 =0x00000000577a7800, R9 =0x0000000000000700, R10=0x0000000000000000, R11=0x7100bb7400390023
R12=0x0000000000000000, R13=0x00000000577acee8, R14=0x0000000000000000, R15=0x0000000000000000
RIP=0x0000000064c77325, EFLAGS=0x0000000000010206

Top of Stack: (sp=0x000000005844f6b0)
0x000000005844f6b0:   00000000577a7800 00000000597fadd0
0x000000005844f6c0:   000000005844f778 0000000064e6a06b
0x000000005844f6d0:   00000000577a7800 0000000064e868cd
0x000000005844f6e0:   0000000000000000 000000006dbd9149
0x000000005844f6f0:   0000000059178590 000000006dbe2912
0x000000005844f700:   00000000577a7800 0000000000000000
0x000000005844f710:   0000000000000000 0000000000000000
0x000000005844f720:   746361466e6f6974 000000006dbe1a09
0x000000005844f730:   000000005844f7c8 000000005844f7a0
0x000000005844f740:   0000000000000001 0000000059178590
0x000000005844f750:   746361466e6f6974 000000006dbc53b3
0x000000005844f760:   000000005844f890 0000000000000001
0x000000005844f770:   0000000000000001 0000000059178590
0x000000005844f780:   0000000000000001 0000000000000000
0x000000005844f790:   0000000000000000 0000000000000000
0x000000005844f7a0:   0000000000000001 000000006dbc5571 

Instructions: (pc=0x0000000064c77325)
0x0000000064c77305:   cc cc cc cc cc cc cc cc cc cc cc 48 83 ec 28 48
0x0000000064c77315:   85 c9 75 07 33 c0 48 83 c4 28 c3 48 89 5c 24 20
0x0000000064c77325:   48 8b 19 48 85 db 74 20 48 83 fb 37 74 1a 48 8b
0x0000000064c77335:   13 48 8b cb ff 52 08 84 c0 74 0d 48 8b c3 48 8b 


Register to memory mapping:

RAX=0x000000005844f701 is pointing into the stack for thread: 0x00000000577a7800
RBX=0x00000000577a7800 is a thread
RCX=0x746361466e6f6974 is an unknown value
RDX=0x0000000000000000 is an unknown value
RSP=0x000000005844f6b0 is pointing into the stack for thread: 0x00000000577a7800
RBP=0x746361466e6f6974 is an unknown value
RSI=0x000000005844f7c8 is pointing into the stack for thread: 0x00000000577a7800
RDI=0x0000000002359380 is an unknown value
R8 =0x00000000577a7800 is a thread
R9 =0x0000000000000700 is an unknown value
R10=0x0000000000000000 is an unknown value
R11=0x7100bb7400390023 is an unknown value
R12=0x0000000000000000 is an unknown value
R13=0x00000000577acee8 is an unknown value
R14=0x0000000000000000 is an unknown value
R15=0x0000000000000000 is an unknown value


Stack: [0x0000000058350000,0x0000000058450000],  sp=0x000000005844f6b0,  free space=1021k
Native frames: (J=compiled Java code, j=interpreted, Vv=VM code, C=native code)
V  [jvm.dll+0x117325]
V  [jvm.dll+0x3268cd]
C  [jdwp.dll+0x21a09]
C  [jdwp.dll+0x53b3]
C  [jdwp.dll+0x5571]
C  [jdwp.dll+0xf09c]
C  [jdwp.dll+0x1f2c9]
C  [jdwp.dll+0x1f49e]
V  [jvm.dll+0x1a7148]
V  [jvm.dll+0x2232e4]
V  [jvm.dll+0x27baea]
C  [msvcr100.dll+0x21d9f]
C  [msvcr100.dll+0x21e3b]
C  [kernel32.dll+0x15a4d]
C  [ntdll.dll+0x2b831]


---------------  P R O C E S S  ---------------

Java Threads: ( => current thread )
  0x00000000578ce800 JavaThread "ReaderThread" [_thread_in_native, id=7340, stack(0x0000000058f00000,0x0000000059000000)]
  0x0000000057835800 JavaThread "Service Thread" daemon [_thread_blocked, id=6376, stack(0x0000000058c90000,0x0000000058d90000)]
  0x00000000577c3800 JavaThread "C1 CompilerThread2" daemon [_thread_blocked, id=6924, stack(0x0000000058660000,0x0000000058760000)]
  0x00000000577c1800 JavaThread "C2 CompilerThread1" daemon [_thread_blocked, id=6616, stack(0x00000000589b0000,0x0000000058ab0000)]
  0x00000000577bc000 JavaThread "C2 CompilerThread0" daemon [_thread_blocked, id=4460, stack(0x00000000587e0000,0x00000000588e0000)]
  0x00000000564df800 JavaThread "JDWP Command Reader" daemon [_thread_in_native, id=3280, stack(0x0000000058030000,0x0000000058130000)]
  0x00000000564de000 JavaThread "JDWP Event Helper Thread" daemon [_thread_blocked, id=6588, stack(0x0000000058510000,0x0000000058610000)]
=>0x00000000577a7800 JavaThread "JDWP Transport Listener: dt_socket" daemon [_thread_in_vm, id=8120, stack(0x0000000058350000,0x0000000058450000)]
  0x00000000564d4800 JavaThread "Attach Listener" daemon [_thread_blocked, id=4736, stack(0x00000000572b0000,0x00000000573b0000)]
  0x00000000564d3800 JavaThread "Signal Dispatcher" daemon [_thread_blocked, id=7816, stack(0x0000000057c50000,0x0000000057d50000)]
  0x0000000056475000 JavaThread "Finalizer" daemon [_thread_blocked, id=7224, stack(0x00000000576a0000,0x00000000577a0000)]
  0x000000005646c000 JavaThread "Reference Handler" daemon [_thread_blocked, id=4672, stack(0x00000000574c0000,0x00000000575c0000)]
  0x000000000235f000 JavaThread "main" [_thread_blocked, id=5344, stack(0x00000000025a0000,0x00000000026a0000)]

Other Threads:
  0x0000000056467000 VMThread [stack: 0x00000000573c0000,0x00000000574c0000] [id=3456]
  0x0000000057848000 WatcherThread [stack: 0x0000000058ab0000,0x0000000058bb0000] [id=6232]

VM state:not at safepoint (normal execution)

VM Mutex/Monitor currently owned by a thread: None

Heap:
 PSYoungGen      total 11776K, used 5913K [0x00000000e0380000, 0x00000000e1980000, 0x0000000100000000)
  eden space 10752K, 45% used [0x00000000e0380000,0x00000000e08465f0,0x00000000e0e00000)
  from space 1024K, 100% used [0x00000000e0e00000,0x00000000e0f00000,0x00000000e0f00000)
  to   space 2560K, 0% used [0x00000000e1700000,0x00000000e1700000,0x00000000e1980000)
 ParOldGen       total 96768K, used 5786K [0x00000000a0a00000, 0x00000000a6880000, 0x00000000e0380000)
  object space 96768K, 5% used [0x00000000a0a00000,0x00000000a0fa68e8,0x00000000a6880000)
 Metaspace       used 8342K, capacity 8768K, committed 8832K, reserved 1056768K
  class space    used 1031K, capacity 1118K, committed 1152K, reserved 1048576K

Card table byte_map: [0x0000000011d30000,0x0000000012030000] byte_map_base: 0x000000001182b000

Marking Bits: (ParMarkBitMap*) 0x00000000653113b0
 Begin Bits: [0x0000000012830000, 0x0000000014008000)
 End Bits:   [0x0000000014008000, 0x00000000157e0000)

Polling page: 0x0000000000240000

CodeCache: size=245760Kb used=3341Kb max_used=3378Kb free=242418Kb
 bounds [0x0000000002970000, 0x0000000002cd0000, 0x0000000011970000]
 total_blobs=1244 nmethods=926 adapters=241
 compilation: enabled

Compilation events (10 events):
Event: 0.993 Thread 0x00000000577c1800 nmethod 873 0x0000000002ca5b10 code [0x0000000002ca5ca0, 0x0000000002ca6358]
Event: 0.993 Thread 0x00000000577c1800  862       4       compiler.parser.BackedParsingContext::hashCode (10 bytes)
Event: 0.993 Thread 0x00000000577c1800 nmethod 862 0x0000000002ca33d0 code [0x0000000002ca3520, 0x0000000002ca35d8]
Event: 0.994 Thread 0x00000000577c1800  865       4       compiler.parser.BagIterator::hasNext (17 bytes)
Event: 0.994 Thread 0x00000000577c1800 nmethod 865 0x0000000002c83850 code [0x0000000002c83980, 0x0000000002c839f8]
Event: 0.994 Thread 0x00000000577c1800  868       4       compiler.parser.BagIterator::next (5 bytes)
Event: 0.995 Thread 0x00000000577c1800 nmethod 868 0x0000000002ca5590 code [0x0000000002ca56e0, 0x0000000002ca5898]
Event: 0.995 Thread 0x00000000577c1800  809       4       compiler.parser.LookupTableRow::listMatchWith (169 bytes)
Event: 1.035 Thread 0x00000000577c1800 nmethod 809 0x0000000002cacdd0 code [0x0000000002cad040, 0x0000000002cae998]
Event: 1.058 Thread 0x00000000577bc000 nmethod 861 0x0000000002cb7c50 code [0x0000000002cb8060, 0x0000000002cbe548]

GC Heap History (10 events):
Event: 0.665 GC heap before
{Heap before GC invocations=9 (full 0):
 PSYoungGen      total 5120K, used 4976K [0x00000000e0380000, 0x00000000e0980000, 0x0000000100000000)
  eden space 4096K, 100% used [0x00000000e0380000,0x00000000e0780000,0x00000000e0780000)
  from space 1024K, 85% used [0x00000000e0880000,0x00000000e095c010,0x00000000e0980000)
  to   space 1024K, 0% used [0x00000000e0780000,0x00000000e0780000,0x00000000e0880000)
 ParOldGen       total 96768K, used 1138K [0x00000000a0a00000, 0x00000000a6880000, 0x00000000e0380000)
  object space 96768K, 1% used [0x00000000a0a00000,0x00000000a0b1c898,0x00000000a6880000)
 Metaspace       used 7804K, capacity 8156K, committed 8320K, reserved 1056768K
  class space    used 956K, capacity 1028K, committed 1152K, reserved 1048576K
Event: 0.667 GC heap after
Heap after GC invocations=9 (full 0):
 PSYoungGen      total 5120K, used 848K [0x00000000e0380000, 0x00000000e0c00000, 0x0000000100000000)
  eden space 4096K, 0% used [0x00000000e0380000,0x00000000e0380000,0x00000000e0780000)
  from space 1024K, 82% used [0x00000000e0780000,0x00000000e0854010,0x00000000e0880000)
  to   space 1024K, 0% used [0x00000000e0b00000,0x00000000e0b00000,0x00000000e0c00000)
 ParOldGen       total 96768K, used 1386K [0x00000000a0a00000, 0x00000000a6880000, 0x00000000e0380000)
  object space 96768K, 1% used [0x00000000a0a00000,0x00000000a0b5a898,0x00000000a6880000)
 Metaspace       used 7804K, capacity 8156K, committed 8320K, reserved 1056768K
  class space    used 956K, capacity 1028K, committed 1152K, reserved 1048576K
}
Event: 0.692 GC heap before
{Heap before GC invocations=10 (full 0):
 PSYoungGen      total 5120K, used 4943K [0x00000000e0380000, 0x00000000e0c00000, 0x0000000100000000)
  eden space 4096K, 99% used [0x00000000e0380000,0x00000000e077fd30,0x00000000e0780000)
  from space 1024K, 82% used [0x00000000e0780000,0x00000000e0854010,0x00000000e0880000)
  to   space 1024K, 0% used [0x00000000e0b00000,0x00000000e0b00000,0x00000000e0c00000)
 ParOldGen       total 96768K, used 1386K [0x00000000a0a00000, 0x00000000a6880000, 0x00000000e0380000)
  object space 96768K, 1% used [0x00000000a0a00000,0x00000000a0b5a898,0x00000000a6880000)
 Metaspace       used 7812K, capacity 8156K, committed 8320K, reserved 1056768K
  class space    used 956K, capacity 1028K, committed 1152K, reserved 1048576K
Event: 0.705 GC heap after
Heap after GC invocations=10 (full 0):
 PSYoungGen      total 7680K, used 608K [0x00000000e0380000, 0x00000000e0c00000, 0x0000000100000000)
  eden space 6656K, 0% used [0x00000000e0380000,0x00000000e0380000,0x00000000e0a00000)
  from space 1024K, 59% used [0x00000000e0b00000,0x00000000e0b98000,0x00000000e0c00000)
  to   space 1024K, 0% used [0x00000000e0a00000,0x00000000e0a00000,0x00000000e0b00000)
 ParOldGen       total 96768K, used 1954K [0x00000000a0a00000, 0x00000000a6880000, 0x00000000e0380000)
  object space 96768K, 2% used [0x00000000a0a00000,0x00000000a0be88b8,0x00000000a6880000)
 Metaspace       used 7812K, capacity 8156K, committed 8320K, reserved 1056768K
  class space    used 956K, capacity 1028K, committed 1152K, reserved 1048576K
}
Event: 0.730 GC heap before
{Heap before GC invocations=11 (full 0):
 PSYoungGen      total 7680K, used 7264K [0x00000000e0380000, 0x00000000e0c00000, 0x0000000100000000)
  eden space 6656K, 100% used [0x00000000e0380000,0x00000000e0a00000,0x00000000e0a00000)
  from space 1024K, 59% used [0x00000000e0b00000,0x00000000e0b98000,0x00000000e0c00000)
  to   space 1024K, 0% used [0x00000000e0a00000,0x00000000e0a00000,0x00000000e0b00000)
 ParOldGen       total 96768K, used 1954K [0x00000000a0a00000, 0x00000000a6880000, 0x00000000e0380000)
  object space 96768K, 2% used [0x00000000a0a00000,0x00000000a0be88b8,0x00000000a6880000)
 Metaspace       used 7817K, capacity 8156K, committed 8320K, reserved 1056768K
  class space    used 956K, capacity 1028K, committed 1152K, reserved 1048576K
Event: 0.734 GC heap after
Heap after GC invocations=11 (full 0):
 PSYoungGen      total 7680K, used 608K [0x00000000e0380000, 0x00000000e1000000, 0x0000000100000000)
  eden space 6656K, 0% used [0x00000000e0380000,0x00000000e0380000,0x00000000e0a00000)
  from space 1024K, 59% used [0x00000000e0a00000,0x00000000e0a98000,0x00000000e0b00000)
  to   space 1024K, 0% used [0x00000000e0f00000,0x00000000e0f00000,0x00000000e1000000)
 ParOldGen       total 96768K, used 2522K [0x00000000a0a00000, 0x00000000a6880000, 0x00000000e0380000)
  object space 96768K, 2% used [0x00000000a0a00000,0x00000000a0c768e8,0x00000000a6880000)
 Metaspace       used 7817K, capacity 8156K, committed 8320K, reserved 1056768K
  class space    used 956K, capacity 1028K, committed 1152K, reserved 1048576K
}
Event: 0.755 GC heap before
{Heap before GC invocations=12 (full 0):
 PSYoungGen      total 7680K, used 7264K [0x00000000e0380000, 0x00000000e1000000, 0x0000000100000000)
  eden space 6656K, 100% used [0x00000000e0380000,0x00000000e0a00000,0x00000000e0a00000)
  from space 1024K, 59% used [0x00000000e0a00000,0x00000000e0a98000,0x00000000e0b00000)
  to   space 1024K, 0% used [0x00000000e0f00000,0x00000000e0f00000,0x00000000e1000000)
 ParOldGen       total 96768K, used 2522K [0x00000000a0a00000, 0x00000000a6880000, 0x00000000e0380000)
  object space 96768K, 2% used [0x00000000a0a00000,0x00000000a0c768e8,0x00000000a6880000)
 Metaspace       used 7817K, capacity 8156K, committed 8320K, reserved 1056768K
  class space    used 956K, capacity 1028K, committed 1152K, reserved 1048576K
Event: 0.760 GC heap after
Heap after GC invocations=12 (full 0):
 PSYoungGen      total 11776K, used 640K [0x00000000e0380000, 0x00000000e1000000, 0x0000000100000000)
  eden space 10752K, 0% used [0x00000000e0380000,0x00000000e0380000,0x00000000e0e00000)
  from space 1024K, 62% used [0x00000000e0f00000,0x00000000e0fa0000,0x00000000e1000000)
  to   space 1024K, 0% used [0x00000000e0e00000,0x00000000e0e00000,0x00000000e0f00000)
 ParOldGen       total 96768K, used 3082K [0x00000000a0a00000, 0x00000000a6880000, 0x00000000e0380000)
  object space 96768K, 3% used [0x00000000a0a00000,0x00000000a0d028e8,0x00000000a6880000)
 Metaspace       used 7817K, capacity 8156K, committed 8320K, reserved 1056768K
  class space    used 956K, capacity 1028K, committed 1152K, reserved 1048576K
}
Event: 0.891 GC heap before
{Heap before GC invocations=13 (full 0):
 PSYoungGen      total 11776K, used 11392K [0x00000000e0380000, 0x00000000e1000000, 0x0000000100000000)
  eden space 10752K, 100% used [0x00000000e0380000,0x00000000e0e00000,0x00000000e0e00000)
  from space 1024K, 62% used [0x00000000e0f00000,0x00000000e0fa0000,0x00000000e1000000)
  to   space 1024K, 0% used [0x00000000e0e00000,0x00000000e0e00000,0x00000000e0f00000)
 ParOldGen       total 96768K, used 3082K [0x00000000a0a00000, 0x00000000a6880000, 0x00000000e0380000)
  object space 96768K, 3% used [0x00000000a0a00000,0x00000000a0d028e8,0x00000000a6880000)
 Metaspace       used 7909K, capacity 8220K, committed 8576K, reserved 1056768K
  class space    used 966K, capacity 1028K, committed 1152K, reserved 1048576K
Event: 0.896 GC heap after
Heap after GC invocations=13 (full 0):
 PSYoungGen      total 11776K, used 1024K [0x00000000e0380000, 0x00000000e1980000, 0x0000000100000000)
  eden space 10752K, 0% used [0x00000000e0380000,0x00000000e0380000,0x00000000e0e00000)
  from space 1024K, 100% used [0x00000000e0e00000,0x00000000e0f00000,0x00000000e0f00000)
  to   space 2560K, 0% used [0x00000000e1700000,0x00000000e1700000,0x00000000e1980000)
 ParOldGen       total 96768K, used 5786K [0x00000000a0a00000, 0x00000000a6880000, 0x00000000e0380000)
  object space 96768K, 5% used [0x00000000a0a00000,0x00000000a0fa68e8,0x00000000a6880000)
 Metaspace       used 7909K, capacity 8220K, committed 8576K, reserved 1056768K
  class space    used 966K, capacity 1028K, committed 1152K, reserved 1048576K
}

Deoptimization events (10 events):
Event: 0.911 Thread 0x000000000235f000 Uncommon trap: reason=class_check action=maybe_recompile pc=0x0000000002c781f8 method=compiler.parser.TokenStackItem.equalsTokenStackItem(Lcompiler/parser/TokenStackItem;)Z @ 8
Event: 0.911 Thread 0x000000000235f000 Uncommon trap: reason=class_check action=maybe_recompile pc=0x0000000002c56410 method=compiler.parser.LookupTableRow.match(Lcompiler/parser/Production;Lcompiler/lexer/Token;)Z @ 10
Event: 0.911 Thread 0x000000000235f000 Uncommon trap: reason=class_check action=maybe_recompile pc=0x0000000002c56410 method=compiler.parser.LookupTableRow.match(Lcompiler/parser/Production;Lcompiler/lexer/Token;)Z @ 10
Event: 0.912 Thread 0x000000000235f000 Uncommon trap: reason=class_check action=maybe_recompile pc=0x0000000002c781f8 method=compiler.parser.TokenStackItem.equalsTokenStackItem(Lcompiler/parser/TokenStackItem;)Z @ 8
Event: 0.912 Thread 0x000000000235f000 Uncommon trap: reason=class_check action=maybe_recompile pc=0x0000000002c781f8 method=compiler.parser.TokenStackItem.equalsTokenStackItem(Lcompiler/parser/TokenStackItem;)Z @ 8
Event: 0.912 Thread 0x000000000235f000 Uncommon trap: reason=class_check action=maybe_recompile pc=0x0000000002c781f8 method=compiler.parser.TokenStackItem.equalsTokenStackItem(Lcompiler/parser/TokenStackItem;)Z @ 8
Event: 0.912 Thread 0x000000000235f000 Uncommon trap: reason=class_check action=maybe_recompile pc=0x0000000002c56410 method=compiler.parser.LookupTableRow.match(Lcompiler/parser/Production;Lcompiler/lexer/Token;)Z @ 10
Event: 0.913 Thread 0x000000000235f000 Uncommon trap: reason=class_check action=maybe_recompile pc=0x0000000002c80494 method=compiler.parser.TokenStackItem.equalsTokenStackItem(Lcompiler/parser/TokenStackItem;)Z @ 8
Event: 0.919 Thread 0x000000000235f000 Uncommon trap: reason=unreached action=reinterpret pc=0x0000000002c6dc1c method=java.util.HashMap$HashIterator.<init>(Ljava/util/HashMap;)V @ 38
Event: 0.968 Thread 0x000000000235f000 Uncommon trap: reason=unreached action=reinterpret pc=0x0000000002c82460 method=java.util.LinkedList.unlinkFirst(Ljava/util/LinkedList$Node;)Ljava/lang/Object; @ 26

Internal exceptions (10 events):
Event: 0.958 Thread 0x000000000235f000 Exception <a 'java/security/PrivilegedActionException'> (0x00000000e07be900) thrown at [D:\re\workspace\8-2-build-windows-amd64-cygwin\jdk8\2238\hotspot\src\share\vm\prims\jvm.cpp, line 1248]
Event: 0.962 Thread 0x000000000235f000 Exception <a 'java/security/PrivilegedActionException'> (0x00000000e07d9c80) thrown at [D:\re\workspace\8-2-build-windows-amd64-cygwin\jdk8\2238\hotspot\src\share\vm\prims\jvm.cpp, line 1248]
Event: 0.963 Thread 0x000000000235f000 Exception <a 'java/security/PrivilegedActionException'> (0x00000000e07dcb60) thrown at [D:\re\workspace\8-2-build-windows-amd64-cygwin\jdk8\2238\hotspot\src\share\vm\prims\jvm.cpp, line 1248]
Event: 0.965 Thread 0x000000000235f000 Exception <a 'java/security/PrivilegedActionException'> (0x00000000e07e43e8) thrown at [D:\re\workspace\8-2-build-windows-amd64-cygwin\jdk8\2238\hotspot\src\share\vm\prims\jvm.cpp, line 1248]
Event: 0.966 Thread 0x000000000235f000 Exception <a 'java/security/PrivilegedActionException'> (0x00000000e07e7cc8) thrown at [D:\re\workspace\8-2-build-windows-amd64-cygwin\jdk8\2238\hotspot\src\share\vm\prims\jvm.cpp, line 1248]
Event: 0.967 Thread 0x000000000235f000 Exception <a 'java/security/PrivilegedActionException'> (0x00000000e07ef210) thrown at [D:\re\workspace\8-2-build-windows-amd64-cygwin\jdk8\2238\hotspot\src\share\vm\prims\jvm.cpp, line 1248]
Event: 0.968 Thread 0x000000000235f000 Implicit null exception at 0x0000000002c82405 to 0x0000000002c82449
Event: 0.969 Thread 0x000000000235f000 Exception <a 'java/security/PrivilegedActionException'> (0x00000000e07f9090) thrown at [D:\re\workspace\8-2-build-windows-amd64-cygwin\jdk8\2238\hotspot\src\share\vm\prims\jvm.cpp, line 1248]
Event: 0.976 Thread 0x000000000235f000 Exception <a 'java/security/PrivilegedActionException'> (0x00000000e080f258) thrown at [D:\re\workspace\8-2-build-windows-amd64-cygwin\jdk8\2238\hotspot\src\share\vm\prims\jvm.cpp, line 1248]
Event: 0.977 Thread 0x000000000235f000 Exception <a 'java/lang/NoSuchMethodError': java.lang.Object.lambda$0(Lcompiler/typesystem/MethodSignature;Lcompiler/typesystem/Method;)Z> (0x00000000e0812408) thrown at [D:\re\workspace\8-2-build-windows-amd64-cygwin\jdk8\2238\hotspot\src\share\vm\interpr{r1б.лю?

Events (10 events):
Event: 73.619 Executing VM operation: GetCurrentLocation
Event: 73.619 Executing VM operation: GetCurrentLocation done
Event: 73.619 Executing VM operation: EnterInterpOnlyMode
Event: 73.619 Executing VM operation: EnterInterpOnlyMode done
Event: 73.619 Executing VM operation: ChangeSingleStep
Event: 73.619 Executing VM operation: ChangeSingleStep done
Event: 73.619 Executing VM operation: ChangeSingleStep
Event: 73.619 Executing VM operation: ChangeSingleStep done
Event: 73.624 Executing VM operation: RedefineClasses
Event: 73.630 Executing VM operation: RedefineClasses done


Dynamic libraries:
0x000000013f240000 - 0x000000013f274000 	C:\Program Files\Java\jdk1.8.0\bin\javaw.exe
0x0000000076ed0000 - 0x0000000077079000 	C:\Windows\SYSTEM32\ntdll.dll
0x0000000076db0000 - 0x0000000076ecf000 	C:\Windows\system32\kernel32.dll
0x000007fefb9e0000 - 0x000007fefba4c000 	C:\Windows\system32\KERNELBASE.dll
0x000007fefc040000 - 0x000007fefc11b000 	C:\Windows\system32\ADVAPI32.dll
0x000007fefd4e0000 - 0x000007fefd57f000 	C:\Windows\system32\msvcrt.dll
0x000007fefc5a0000 - 0x000007fefc5bf000 	C:\Windows\SYSTEM32\sechost.dll
0x000007fefdbe0000 - 0x000007fefdd0d000 	C:\Windows\system32\RPCRT4.dll
0x0000000076cb0000 - 0x0000000076daa000 	C:\Windows\system32\USER32.dll
0x000007fefbf00000 - 0x000007fefbf67000 	C:\Windows\system32\GDI32.dll
0x000007fefc120000 - 0x000007fefc12e000 	C:\Windows\system32\LPK.dll
0x000007fefbf70000 - 0x000007fefc039000 	C:\Windows\system32\USP10.dll
0x000007fefa520000 - 0x000007fefa714000 	C:\Windows\WinSxS\amd64_microsoft.windows.common-controls_6595b64144ccf1df_6.0.7601.18837_none_fa3b1e3d17594757\COMCTL32.dll
0x000007fefc5c0000 - 0x000007fefc631000 	C:\Windows\system32\SHLWAPI.dll
0x000007fefdea0000 - 0x000007fefdece000 	C:\Windows\system32\IMM32.DLL
0x000007fefbdf0000 - 0x000007fefbef9000 	C:\Windows\system32\MSCTF.dll
0x000007fef1ae0000 - 0x000007fef1b73000 	C:\Program Files (x86)\AVG\AVG2015\avghooka.dll
0x0000000069040000 - 0x0000000069112000 	C:\Program Files\Java\jdk1.8.0\jre\bin\msvcr100.dll
0x0000000064b60000 - 0x000000006538a000 	C:\Program Files\Java\jdk1.8.0\jre\bin\server\jvm.dll
0x000007feee7b0000 - 0x000007feee7b9000 	C:\Windows\system32\WSOCK32.dll
0x000007fefd7e0000 - 0x000007fefd82d000 	C:\Windows\system32\WS2_32.dll
0x000007fefd470000 - 0x000007fefd478000 	C:\Windows\system32\NSI.dll
0x000007fef98d0000 - 0x000007fef990b000 	C:\Windows\system32\WINMM.dll
0x00000000770a0000 - 0x00000000770a7000 	C:\Windows\system32\PSAPI.DLL
0x0000000071760000 - 0x000000007176f000 	C:\Program Files\Java\jdk1.8.0\jre\bin\verify.dll
0x000000006dc00000 - 0x000000006dc28000 	C:\Program Files\Java\jdk1.8.0\jre\bin\java.dll
0x000000006dbc0000 - 0x000000006dbf5000 	C:\Program Files\Java\jdk1.8.0\jre\bin\jdwp.dll
0x00000000714f0000 - 0x00000000714f8000 	C:\Program Files\Java\jdk1.8.0\jre\bin\npt.dll
0x0000000071490000 - 0x00000000714a6000 	C:\Program Files\Java\jdk1.8.0\jre\bin\zip.dll
0x000007fefc6e0000 - 0x000007fefd469000 	C:\Windows\system32\SHELL32.dll
0x000007fefc390000 - 0x000007fefc593000 	C:\Windows\system32\ole32.dll
0x000007fefb970000 - 0x000007fefb97f000 	C:\Windows\system32\profapi.dll
0x00000000714e0000 - 0x00000000714e9000 	C:\Program Files\Java\jdk1.8.0\jre\bin\dt_socket.dll
0x000007fef94f0000 - 0x000007fef9505000 	C:\Windows\system32\NLAapi.dll
0x000007fef3860000 - 0x000007fef3875000 	C:\Windows\system32\napinsp.dll
0x000007fef3840000 - 0x000007fef3859000 	C:\Windows\system32\pnrpnsp.dll
0x000007fefb0f0000 - 0x000007fefb145000 	C:\Windows\System32\mswsock.dll
0x000007fefaf70000 - 0x000007fefafcb000 	C:\Windows\system32\DNSAPI.dll
0x000007fef3830000 - 0x000007fef383b000 	C:\Windows\System32\winrnr.dll
0x000007fef3820000 - 0x000007fef3830000 	C:\Windows\system32\wshbth.dll
0x000007fef9150000 - 0x000007fef9177000 	C:\Windows\system32\IPHLPAPI.DLL
0x000007fef9140000 - 0x000007fef914b000 	C:\Windows\system32\WINNSI.DLL
0x000007fef8c20000 - 0x000007fef8c73000 	C:\Windows\System32\fwpuclnt.dll
0x000007fef1d20000 - 0x000007fef1d28000 	C:\Windows\system32\rasadhlp.dll
0x000007fefab10000 - 0x000007fefab17000 	C:\Windows\System32\wshtcpip.dll
0x000000006dba0000 - 0x000000006dbba000 	C:\Program Files\Java\jdk1.8.0\jre\bin\net.dll
0x000007fefb0e0000 - 0x000007fefb0e7000 	C:\Windows\System32\wship6.dll
0x000000006db80000 - 0x000000006db91000 	C:\Program Files\Java\jdk1.8.0\jre\bin\nio.dll
0x000007feeeac0000 - 0x000007feeebe5000 	C:\Windows\system32\dbghelp.dll

VM Arguments:
jvm_args: -agentlib:jdwp=transport=dt_socket,suspend=y,address=localhost:53970 -Dfile.encoding=UTF-8 
java_command: org.eclipse.jdt.internal.junit.runner.RemoteTestRunner -version 3 -port 53969 -testLoaderClass org.eclipse.jdt.internal.junit4.runner.JUnit4TestLoader -loaderpluginname org.eclipse.jdt.junit4.runtime -test compiler.sense.TestSenseGrammar:testMaybeAssingment
java_class_path (initial): C:\Projects\GitHub\compilelittle\target\test-classes;C:\Projects\GitHub\compilelittle\target\classes;C:\Projects\eclipse\luna\plugins\org.junit_4.11.0.v201303080030\junit.jar;C:\Projects\eclipse\luna\plugins\org.hamcrest.core_1.3.0.v201303031735.jar;C:\Projects\Maven\Repository\junit\junit\4.1\junit-4.1.jar;/C:/Projects/eclipse/luna/configuration/org.eclipse.osgi/362/0/.cp/;/C:/Projects/eclipse/luna/configuration/org.eclipse.osgi/361/0/.cp/
Launcher Type: SUN_STANDARD

Environment Variables:
JAVA_HOME=C:\Program Files\Java\jdk1.8.0
CLASSPATH=.;C:\Program Files\Java\jdk1.8.0\bin
PATH=C:\Program Files\Java\jdk1.8.0\jre\bin;C:/Program Files/Java/jre1.8.0_51/bin/server;C:/Program Files/Java/jre1.8.0_51/bin;C:/Program Files/Java/jre1.8.0_51/lib/amd64;C:\ProgramData\Oracle\Java\javapath;C:\Program Files (x86)\NVIDIA Corporation\PhysX\Common;C:\Projects\apache-maven-3.0.3\bin;C:\Windows\system32;C:\Windows;C:\Windows\System32\Wbem;C:\Windows\System32\WindowsPowerShell\v1.0\;c:\Program Files (x86)\Common Files\Roxio Shared\10.0\DLLShared\;c:\Program Files (x86)\Common Files\Roxio Shared\DLLShared\;C:\Program Files (x86)\ZipGenius 6\;C:\Program Files\FileBot\;C:\Program Files (x86)\GtkSharp\2.12\bin;.;C:\Program Files\Java\jdk1.8.0\bin;C:\Projects\bnfc\;C:\Program Files\OpenVPN\bin;C:\Projects\eclipse\luna;
USERNAME=Sergio
OS=Windows_NT
PROCESSOR_IDENTIFIER=Intel64 Family 6 Model 30 Stepping 5, GenuineIntel



---------------  S Y S T E M  ---------------

OS: Windows 7 , 64 bit Build 7601 Service Pack 1

CPU:total 4 (4 cores per cpu, 1 threads per core) family 6 model 30 stepping 5, cmov, cx8, fxsr, mmx, sse, sse2, sse3, ssse3, sse4.1, sse4.2, popcnt, tsc, tscinvbit

Memory: 4k page, physical 6249552k(2451252k free), swap 12497264k(7718360k free)

vm_info: Java HotSpot(TM) 64-Bit Server VM (25.0-b70) for windows-amd64 JRE (1.8.0-b132), built on Mar  4 2014 03:46:18 by "java_re" with MS VC++ 10.0 (VS2010)

time: Sat Aug 22 23:10:49 2015
elapsed time: 73 seconds

