#
# A fatal error has been detected by the Java Runtime Environment:
#
#  EXCEPTION_ACCESS_VIOLATION (0xc0000005) at pc=0x0000000063bc7325, pid=7088, tid=8276
#
# JRE version: Java(TM) SE Runtime Environment (8.0-b132) (build 1.8.0-b132)
# Java VM: Java HotSpot(TM) 64-Bit Server VM (25.0-b70 mixed mode windows-amd64 compressed oops)
# Problematic frame:
# V  [jvm.dll+0x117325]
#
# Failed to write core dump. Minidumps are not enabled by default on client versions of Windows
#
# If you would like to submit a bug report, please visit:
#   http://bugreport.sun.com/bugreport/crash.jsp
#

---------------  T H R E A D  ---------------

Current thread (0x000000005648f000):  JavaThread "JDWP Transport Listener: dt_socket" daemon [_thread_in_vm, id=8276, stack(0x00000000576c0000,0x00000000577c0000)]

siginfo: ExceptionCode=0xc0000005, reading address 0xffffffffffffffff

Registers:
RAX=0x00000000577bf501, RBX=0x000000005648f000, RCX=0x746361466e6f6974, RDX=0x0000000000000000
RSP=0x00000000577bf5a0, RBP=0x746361466e6f6974, RSI=0x00000000577bf6b8, RDI=0x0000000000119380
R8 =0x000000005648f000, R9 =0x0000000000000700, R10=0x0000000000000000, R11=0x09000c4a00170023
R12=0x0000000000000000, R13=0x000000005648fe78, R14=0x0000000000000000, R15=0x0000000000000000
RIP=0x0000000063bc7325, EFLAGS=0x0000000000010206

Top of Stack: (sp=0x00000000577bf5a0)
0x00000000577bf5a0:   000000005648f000 0000000059043750
0x00000000577bf5b0:   00000000577bf668 0000000063dba06b
0x00000000577bf5c0:   000000005648f000 0000000063dd68cd
0x00000000577bf5d0:   0000000000000000 0000000070659149
0x00000000577bf5e0:   000000005950c4e8 0000000070662912
0x00000000577bf5f0:   000000005648f000 0000000000000000
0x00000000577bf600:   0000000000000000 0000000000000000
0x00000000577bf610:   746361466e6f6974 0000000070661a09
0x00000000577bf620:   00000000577bf6b8 00000000577bf690
0x00000000577bf630:   0000000000000001 000000005950c4e8
0x00000000577bf640:   746361466e6f6974 00000000706453b3
0x00000000577bf650:   00000000577bf780 0000000000000001
0x00000000577bf660:   0000000000000001 000000005950c4e8
0x00000000577bf670:   0000000000000001 0000000000000000
0x00000000577bf680:   0000000000000000 0000000000000000
0x00000000577bf690:   0000000000000001 0000000070645571 

Instructions: (pc=0x0000000063bc7325)
0x0000000063bc7305:   cc cc cc cc cc cc cc cc cc cc cc 48 83 ec 28 48
0x0000000063bc7315:   85 c9 75 07 33 c0 48 83 c4 28 c3 48 89 5c 24 20
0x0000000063bc7325:   48 8b 19 48 85 db 74 20 48 83 fb 37 74 1a 48 8b
0x0000000063bc7335:   13 48 8b cb ff 52 08 84 c0 74 0d 48 8b c3 48 8b 


Register to memory mapping:

RAX=0x00000000577bf501 is pointing into the stack for thread: 0x000000005648f000
RBX=0x000000005648f000 is a thread
RCX=0x746361466e6f6974 is an unknown value
RDX=0x0000000000000000 is an unknown value
RSP=0x00000000577bf5a0 is pointing into the stack for thread: 0x000000005648f000
RBP=0x746361466e6f6974 is an unknown value
RSI=0x00000000577bf6b8 is pointing into the stack for thread: 0x000000005648f000
RDI=0x0000000000119380 is an unknown value
R8 =0x000000005648f000 is a thread
R9 =0x0000000000000700 is an unknown value
R10=0x0000000000000000 is an unknown value
R11=0x09000c4a00170023 is an unknown value
R12=0x0000000000000000 is an unknown value
R13=0x000000005648fe78 is an unknown value
R14=0x0000000000000000 is an unknown value
R15=0x0000000000000000 is an unknown value


Stack: [0x00000000576c0000,0x00000000577c0000],  sp=0x00000000577bf5a0,  free space=1021k
Native frames: (J=compiled Java code, j=interpreted, Vv=VM code, C=native code)
V  [jvm.dll+0x117325]
V  [jvm.dll+0x3268cd]
C  [jdwp.dll+0x21a09]
C  [jdwp.dll+0x53b3]
C  [jdwp.dll+0x5571]
C  [jdwp.dll+0xf09c]
C  [jdwp.dll+0x1f2c9]
C  [jdwp.dll+0x1f49e]
V  [jvm.dll+0x1a7148]
V  [jvm.dll+0x2232e4]
V  [jvm.dll+0x27baea]
C  [msvcr100.dll+0x21d9f]
C  [msvcr100.dll+0x21e3b]
C  [kernel32.dll+0x15a4d]
C  [ntdll.dll+0x2b831]


---------------  P R O C E S S  ---------------

Java Threads: ( => current thread )
  0x0000000057a17000 JavaThread "ReaderThread" [_thread_in_native, id=6128, stack(0x0000000058f40000,0x0000000059040000)]
  0x0000000057971000 JavaThread "Service Thread" daemon [_thread_blocked, id=7692, stack(0x0000000058d80000,0x0000000058e80000)]
  0x000000005791b000 JavaThread "C1 CompilerThread2" daemon [_thread_blocked, id=8412, stack(0x0000000058b70000,0x0000000058c70000)]
  0x0000000057904800 JavaThread "C2 CompilerThread1" daemon [_thread_blocked, id=8944, stack(0x0000000058930000,0x0000000058a30000)]
  0x0000000057903000 JavaThread "C2 CompilerThread0" daemon [_thread_blocked, id=3460, stack(0x0000000058740000,0x0000000058840000)]
  0x00000000578ff000 JavaThread "JDWP Command Reader" daemon [_thread_in_native, id=5004, stack(0x0000000058580000,0x0000000058680000)]
  0x00000000578f0000 JavaThread "JDWP Event Helper Thread" daemon [_thread_blocked, id=4008, stack(0x00000000583b0000,0x00000000584b0000)]
=>0x000000005648f000 JavaThread "JDWP Transport Listener: dt_socket" daemon [_thread_in_vm, id=8276, stack(0x00000000576c0000,0x00000000577c0000)]
  0x000000005648a000 JavaThread "Attach Listener" daemon [_thread_blocked, id=7864, stack(0x0000000057cf0000,0x0000000057df0000)]
  0x0000000056489000 JavaThread "Signal Dispatcher" daemon [_thread_blocked, id=5324, stack(0x0000000057270000,0x0000000057370000)]
  0x0000000056425000 JavaThread "Finalizer" daemon [_thread_blocked, id=6392, stack(0x00000000577e0000,0x00000000578e0000)]
  0x000000005641c000 JavaThread "Reference Handler" daemon [_thread_blocked, id=7496, stack(0x00000000575c0000,0x00000000576c0000)]
  0x000000000011f000 JavaThread "main" [_thread_blocked, id=3100, stack(0x00000000023d0000,0x00000000024d0000)]

Other Threads:
  0x0000000056417000 VMThread [stack: 0x00000000573b0000,0x00000000574b0000] [id=8560]
  0x000000005798d800 WatcherThread [stack: 0x0000000058a60000,0x0000000058b60000] [id=8984]

VM state:not at safepoint (normal execution)

VM Mutex/Monitor currently owned by a thread: None

Heap:
 PSYoungGen      total 250368K, used 122509K [0x00000000e0380000, 0x00000000fa780000, 0x0000000100000000)
  eden space 76800K, 33% used [0x00000000e0380000,0x00000000e1cb36d8,0x00000000e4e80000)
  from space 173568K, 55% used [0x00000000e4e80000,0x00000000eacf0000,0x00000000ef800000)
  to   space 173568K, 0% used [0x00000000efe00000,0x00000000efe00000,0x00000000fa780000)
 ParOldGen       total 247808K, used 226224K [0x00000000a0a00000, 0x00000000afc00000, 0x00000000e0380000)
  object space 247808K, 91% used [0x00000000a0a00000,0x00000000ae6ec370,0x00000000afc00000)
 Metaspace       used 8386K, capacity 8724K, committed 8832K, reserved 1056768K
  class space    used 1027K, capacity 1112K, committed 1152K, reserved 1048576K

Card table byte_map: [0x0000000011b60000,0x0000000011e60000] byte_map_base: 0x000000001165b000

Marking Bits: (ParMarkBitMap*) 0x00000000642613b0
 Begin Bits: [0x00000000127e0000, 0x0000000013fb8000)
 End Bits:   [0x0000000013fb8000, 0x0000000015790000)

Polling page: 0x0000000000150000

CodeCache: size=245760Kb used=4024Kb max_used=4031Kb free=241735Kb
 bounds [0x00000000027a0000, 0x0000000002ba0000, 0x00000000117a0000]
 total_blobs=1439 nmethods=1103 adapters=259
 compilation: enabled

Compilation events (10 events):
Event: 11.996 Thread 0x000000005791b000 1111       3       java.util.LinkedList::isPositionIndex (18 bytes)
Event: 11.996 Thread 0x000000005791b000 nmethod 1111 0x0000000002b85cd0 code [0x0000000002b85e20, 0x0000000002b86010]
Event: 11.996 Thread 0x000000005791b000 1113       3       compiler.sense.typesystem.SenseType::equals (94 bytes)
Event: 11.996 Thread 0x000000005791b000 nmethod 1113 0x0000000002b8aa90 code [0x0000000002b8aca0, 0x0000000002b8b7a8]
Event: 11.997 Thread 0x000000005791b000 1115       3       compiler.sense.typesystem.SenseType::equals (22 bytes)
Event: 11.997 Thread 0x000000005791b000 nmethod 1115 0x0000000002b8a450 code [0x0000000002b8a5c0, 0x0000000002b8a9c8]
Event: 12.003 Thread 0x0000000057903000 nmethod 1112 0x0000000002b91090 code [0x0000000002b91200, 0x0000000002b918c8]
Event: 12.003 Thread 0x0000000057903000 1114       4       java.util.LinkedList::getFirst (22 bytes)
Event: 12.004 Thread 0x0000000057903000 nmethod 1114 0x0000000002b8f6d0 code [0x0000000002b8f800, 0x0000000002b8f878]
Event: 12.012 Thread 0x0000000057904800 nmethod 1105 0x0000000002b91e90 code [0x0000000002b92140, 0x0000000002b92f38]

GC Heap History (10 events):
Event: 9.120 GC heap before
{Heap before GC invocations=50 (full 6):
 PSYoungGen      total 243712K, used 130848K [0x00000000e0380000, 0x00000000f9b80000, 0x0000000100000000)
  eden space 70144K, 0% used [0x00000000e0380000,0x00000000e0380000,0x00000000e4800000)
  from space 173568K, 75% used [0x00000000ef180000,0x00000000f7148000,0x00000000f9b00000)
  to   space 173568K, 0% used [0x00000000e4800000,0x00000000e4800000,0x00000000ef180000)
 ParOldGen       total 192000K, used 176378K [0x00000000a0a00000, 0x00000000ac580000, 0x00000000e0380000)
  object space 192000K, 91% used [0x00000000a0a00000,0x00000000ab63ea78,0x00000000ac580000)
 Metaspace       used 7981K, capacity 8288K, committed 8576K, reserved 1056768K
  class space    used 967K, capacity 1028K, committed 1152K, reserved 1048576K
Event: 10.194 GC heap after
Heap after GC invocations=50 (full 6):
 PSYoungGen      total 243712K, used 105344K [0x00000000e0380000, 0x00000000f9b80000, 0x0000000100000000)
  eden space 70144K, 0% used [0x00000000e0380000,0x00000000e0380000,0x00000000e4800000)
  from space 173568K, 60% used [0x00000000ef180000,0x00000000f58600e8,0x00000000f9b00000)
  to   space 173568K, 0% used [0x00000000e4800000,0x00000000e4800000,0x00000000ef180000)
 ParOldGen       total 218112K, used 191610K [0x00000000a0a00000, 0x00000000adf00000, 0x00000000e0380000)
  object space 218112K, 87% used [0x00000000a0a00000,0x00000000ac51eaf8,0x00000000adf00000)
 Metaspace       used 7981K, capacity 8288K, committed 8576K, reserved 1056768K
  class space    used 967K, capacity 1028K, committed 1152K, reserved 1048576K
}
Event: 10.291 GC heap before
{Heap before GC invocations=51 (full 6):
 PSYoungGen      total 243712K, used 175488K [0x00000000e0380000, 0x00000000f9b80000, 0x0000000100000000)
  eden space 70144K, 100% used [0x00000000e0380000,0x00000000e4800000,0x00000000e4800000)
  from space 173568K, 60% used [0x00000000ef180000,0x00000000f58600e8,0x00000000f9b00000)
  to   space 173568K, 0% used [0x00000000e4800000,0x00000000e4800000,0x00000000ef180000)
 ParOldGen       total 218112K, used 191610K [0x00000000a0a00000, 0x00000000adf00000, 0x00000000e0380000)
  object space 218112K, 87% used [0x00000000a0a00000,0x00000000ac51eaf8,0x00000000adf00000)
 Metaspace       used 7981K, capacity 8288K, committed 8576K, reserved 1056768K
  class space    used 967K, capacity 1028K, committed 1152K, reserved 1048576K
Event: 10.411 GC heap after
Heap after GC invocations=51 (full 6):
 PSYoungGen      total 243712K, used 104416K [0x00000000e0380000, 0x00000000fa180000, 0x0000000100000000)
  eden space 70144K, 0% used [0x00000000e0380000,0x00000000e0380000,0x00000000e4800000)
  from space 173568K, 60% used [0x00000000e4800000,0x00000000eadf8000,0x00000000ef180000)
  to   space 173568K, 0% used [0x00000000ef800000,0x00000000ef800000,0x00000000fa180000)
 ParOldGen       total 218112K, used 200162K [0x00000000a0a00000, 0x00000000adf00000, 0x00000000e0380000)
  object space 218112K, 91% used [0x00000000a0a00000,0x00000000acd78af8,0x00000000adf00000)
 Metaspace       used 7981K, capacity 8288K, committed 8576K, reserved 1056768K
  class space    used 967K, capacity 1028K, committed 1152K, reserved 1048576K
}
Event: 10.506 GC heap before
{Heap before GC invocations=52 (full 6):
 PSYoungGen      total 243712K, used 174560K [0x00000000e0380000, 0x00000000fa180000, 0x0000000100000000)
  eden space 70144K, 100% used [0x00000000e0380000,0x00000000e4800000,0x00000000e4800000)
  from space 173568K, 60% used [0x00000000e4800000,0x00000000eadf8000,0x00000000ef180000)
  to   space 173568K, 0% used [0x00000000ef800000,0x00000000ef800000,0x00000000fa180000)
 ParOldGen       total 218112K, used 200162K [0x00000000a0a00000, 0x00000000adf00000, 0x00000000e0380000)
  object space 218112K, 91% used [0x00000000a0a00000,0x00000000acd78af8,0x00000000adf00000)
 Metaspace       used 7981K, capacity 8288K, committed 8576K, reserved 1056768K
  class space    used 967K, capacity 1028K, committed 1152K, reserved 1048576K
Event: 10.584 GC heap after
Heap after GC invocations=52 (full 6):
 PSYoungGen      total 250368K, used 103744K [0x00000000e0380000, 0x00000000fa200000, 0x0000000100000000)
  eden space 76800K, 0% used [0x00000000e0380000,0x00000000e0380000,0x00000000e4e80000)
  from space 173568K, 59% used [0x00000000ef800000,0x00000000f5d50000,0x00000000fa180000)
  to   space 173568K, 0% used [0x00000000e4e80000,0x00000000e4e80000,0x00000000ef800000)
 ParOldGen       total 218112K, used 210130K [0x00000000a0a00000, 0x00000000adf00000, 0x00000000e0380000)
  object space 218112K, 96% used [0x00000000a0a00000,0x00000000ad734af8,0x00000000adf00000)
 Metaspace       used 7981K, capacity 8288K, committed 8576K, reserved 1056768K
  class space    used 967K, capacity 1028K, committed 1152K, reserved 1048576K
}
Event: 10.584 GC heap before
{Heap before GC invocations=53 (full 7):
 PSYoungGen      total 250368K, used 103744K [0x00000000e0380000, 0x00000000fa200000, 0x0000000100000000)
  eden space 76800K, 0% used [0x00000000e0380000,0x00000000e0380000,0x00000000e4e80000)
  from space 173568K, 59% used [0x00000000ef800000,0x00000000f5d50000,0x00000000fa180000)
  to   space 173568K, 0% used [0x00000000e4e80000,0x00000000e4e80000,0x00000000ef800000)
 ParOldGen       total 218112K, used 210130K [0x00000000a0a00000, 0x00000000adf00000, 0x00000000e0380000)
  object space 218112K, 96% used [0x00000000a0a00000,0x00000000ad734af8,0x00000000adf00000)
 Metaspace       used 7981K, capacity 8288K, committed 8576K, reserved 1056768K
  class space    used 967K, capacity 1028K, committed 1152K, reserved 1048576K
Event: 11.652 GC heap after
Heap after GC invocations=53 (full 7):
 PSYoungGen      total 250368K, used 95896K [0x00000000e0380000, 0x00000000fa200000, 0x0000000100000000)
  eden space 76800K, 0% used [0x00000000e0380000,0x00000000e0380000,0x00000000e4e80000)
  from space 173568K, 55% used [0x00000000ef800000,0x00000000f55a6360,0x00000000fa180000)
  to   space 173568K, 0% used [0x00000000e4e80000,0x00000000e4e80000,0x00000000ef800000)
 ParOldGen       total 247808K, used 217688K [0x00000000a0a00000, 0x00000000afc00000, 0x00000000e0380000)
  object space 247808K, 87% used [0x00000000a0a00000,0x00000000ade96370,0x00000000afc00000)
 Metaspace       used 7981K, capacity 8288K, committed 8576K, reserved 1056768K
  class space    used 967K, capacity 1028K, committed 1152K, reserved 1048576K
}
Event: 11.755 GC heap before
{Heap before GC invocations=54 (full 7):
 PSYoungGen      total 250368K, used 172696K [0x00000000e0380000, 0x00000000fa200000, 0x0000000100000000)
  eden space 76800K, 100% used [0x00000000e0380000,0x00000000e4e80000,0x00000000e4e80000)
  from space 173568K, 55% used [0x00000000ef800000,0x00000000f55a6360,0x00000000fa180000)
  to   space 173568K, 0% used [0x00000000e4e80000,0x00000000e4e80000,0x00000000ef800000)
 ParOldGen       total 247808K, used 217688K [0x00000000a0a00000, 0x00000000afc00000, 0x00000000e0380000)
  object space 247808K, 87% used [0x00000000a0a00000,0x00000000ade96370,0x00000000afc00000)
 Metaspace       used 7981K, capacity 8288K, committed 8576K, reserved 1056768K
  class space    used 967K, capacity 1028K, committed 1152K, reserved 1048576K
Event: 11.874 GC heap after
Heap after GC invocations=54 (full 7):
 PSYoungGen      total 250368K, used 96704K [0x00000000e0380000, 0x00000000fa780000, 0x0000000100000000)
  eden space 76800K, 0% used [0x00000000e0380000,0x00000000e0380000,0x00000000e4e80000)
  from space 173568K, 55% used [0x00000000e4e80000,0x00000000eacf0000,0x00000000ef800000)
  to   space 173568K, 0% used [0x00000000efe00000,0x00000000efe00000,0x00000000fa780000)
 ParOldGen       total 247808K, used 226224K [0x00000000a0a00000, 0x00000000afc00000, 0x00000000e0380000)
  object space 247808K, 91% used [0x00000000a0a00000,0x00000000ae6ec370,0x00000000afc00000)
 Metaspace       used 7981K, capacity 8288K, committed 8576K, reserved 1056768K
  class space    used 967K, capacity 1028K, committed 1152K, reserved 1048576K
}

Deoptimization events (10 events):
Event: 11.945 Thread 0x000000000011f000 Uncommon trap: reason=unreached action=reinterpret pc=0x0000000002ad189c method=java.util.HashMap$HashIterator.<init>(Ljava/util/HashMap;)V @ 38
Event: 11.979 Thread 0x000000000011f000 Uncommon trap: reason=class_check action=maybe_recompile pc=0x0000000002ae5664 method=java.util.LinkedList.addAll(ILjava/util/Collection;)Z @ 6
Event: 11.979 Thread 0x000000000011f000 Uncommon trap: reason=class_check action=maybe_recompile pc=0x0000000002ae5664 method=java.util.LinkedList.addAll(ILjava/util/Collection;)Z @ 6
Event: 11.979 Thread 0x000000000011f000 Uncommon trap: reason=unreached action=reinterpret pc=0x0000000002ad5560 method=java.util.LinkedList.unlinkFirst(Ljava/util/LinkedList$Node;)Ljava/lang/Object; @ 26
Event: 11.979 Thread 0x000000000011f000 Uncommon trap: reason=class_check action=maybe_recompile pc=0x0000000002ae5664 method=java.util.LinkedList.addAll(ILjava/util/Collection;)Z @ 6
Event: 11.980 Thread 0x000000000011f000 Uncommon trap: reason=class_check action=maybe_recompile pc=0x0000000002ae5664 method=java.util.LinkedList.addAll(ILjava/util/Collection;)Z @ 6
Event: 11.980 Thread 0x000000000011f000 Uncommon trap: reason=array_check action=maybe_recompile pc=0x0000000002a88ea8 method=java.util.AbstractCollection.toArray([Ljava/lang/Object;)[Ljava/lang/Object; @ 119
Event: 11.993 Thread 0x000000000011f000 Uncommon trap: reason=array_check action=maybe_recompile pc=0x0000000002a88ea8 method=java.util.AbstractCollection.toArray([Ljava/lang/Object;)[Ljava/lang/Object; @ 119
Event: 11.994 Thread 0x000000000011f000 Uncommon trap: reason=array_check action=maybe_recompile pc=0x0000000002a88ea8 method=java.util.AbstractCollection.toArray([Ljava/lang/Object;)[Ljava/lang/Object; @ 119
Event: 11.995 Thread 0x000000000011f000 Uncommon trap: reason=array_check action=maybe_recompile pc=0x0000000002a88ea8 method=java.util.AbstractCollection.toArray([Ljava/lang/Object;)[Ljava/lang/Object; @ 119

Internal exceptions (10 events):
Event: 11.966 Thread 0x000000000011f000 Exception <a 'java/security/PrivilegedActionException'> (0x00000000e1b34ff8) thrown at [D:\re\workspace\8-2-build-windows-amd64-cygwin\jdk8\2238\hotspot\src\share\vm\prims\jvm.cpp, line 1248]
Event: 11.967 Thread 0x000000000011f000 Exception <a 'java/security/PrivilegedActionException'> (0x00000000e1b39c20) thrown at [D:\re\workspace\8-2-build-windows-amd64-cygwin\jdk8\2238\hotspot\src\share\vm\prims\jvm.cpp, line 1248]
Event: 11.976 Thread 0x000000000011f000 Exception <a 'java/security/PrivilegedActionException'> (0x00000000e1b482b0) thrown at [D:\re\workspace\8-2-build-windows-amd64-cygwin\jdk8\2238\hotspot\src\share\vm\prims\jvm.cpp, line 1248]
Event: 11.977 Thread 0x000000000011f000 Exception <a 'java/security/PrivilegedActionException'> (0x00000000e1b4c0f8) thrown at [D:\re\workspace\8-2-build-windows-amd64-cygwin\jdk8\2238\hotspot\src\share\vm\prims\jvm.cpp, line 1248]
Event: 11.979 Thread 0x000000000011f000 Exception <a 'java/security/PrivilegedActionException'> (0x00000000e1b4f360) thrown at [D:\re\workspace\8-2-build-windows-amd64-cygwin\jdk8\2238\hotspot\src\share\vm\prims\jvm.cpp, line 1248]
Event: 11.979 Thread 0x000000000011f000 Implicit null exception at 0x0000000002ad5505 to 0x0000000002ad5549
Event: 11.986 Thread 0x000000000011f000 Exception <a 'java/security/PrivilegedActionException'> (0x00000000e1b6d788) thrown at [D:\re\workspace\8-2-build-windows-amd64-cygwin\jdk8\2238\hotspot\src\share\vm\prims\jvm.cpp, line 1248]
Event: 11.986 Thread 0x000000000011f000 Exception <a 'java/security/PrivilegedActionException'> (0x00000000e1b709d0) thrown at [D:\re\workspace\8-2-build-windows-amd64-cygwin\jdk8\2238\hotspot\src\share\vm\prims\jvm.cpp, line 1248]
Event: 11.987 Thread 0x000000000011f000 Exception <a 'java/security/PrivilegedActionException'> (0x00000000e1b74ea8) thrown at [D:\re\workspace\8-2-build-windows-amd64-cygwin\jdk8\2238\hotspot\src\share\vm\prims\jvm.cpp, line 1248]
Event: 11.988 Thread 0x000000000011f000 Exception <a 'java/lang/NoSuchMethodError': java.lang.Object.lambda$0(Lcompiler/sense/typesystem/MethodSignature;Lcompiler/sense/typesystem/Method;)Z> (0x00000000e1b781c0) thrown at [D:\re\workspace\8-2-build-windows-amd64-cygwin\jdk8\2238\hotspot\src\shar

Events (10 events):
Event: 149.111 Executing VM operation: GetCurrentLocation
Event: 149.111 Executing VM operation: GetCurrentLocation done
Event: 149.111 Executing VM operation: EnterInterpOnlyMode
Event: 149.111 Executing VM operation: EnterInterpOnlyMode done
Event: 149.111 Executing VM operation: ChangeSingleStep
Event: 149.111 Executing VM operation: ChangeSingleStep done
Event: 149.111 Executing VM operation: ChangeSingleStep
Event: 149.111 Executing VM operation: ChangeSingleStep done
Event: 149.127 Executing VM operation: RedefineClasses
Event: 149.139 Executing VM operation: RedefineClasses done


Dynamic libraries:
0x000000013f400000 - 0x000000013f434000 	C:\Program Files\Java\jdk1.8.0\bin\javaw.exe
0x0000000077ad0000 - 0x0000000077c79000 	C:\Windows\SYSTEM32\ntdll.dll
0x00000000778b0000 - 0x00000000779cf000 	C:\Windows\system32\kernel32.dll
0x000007fefc640000 - 0x000007fefc6ac000 	C:\Windows\system32\KERNELBASE.dll
0x000007fefe500000 - 0x000007fefe5db000 	C:\Windows\system32\ADVAPI32.dll
0x000007fefe030000 - 0x000007fefe0cf000 	C:\Windows\system32\msvcrt.dll
0x000007fefded0000 - 0x000007fefdeef000 	C:\Windows\SYSTEM32\sechost.dll
0x000007fefdda0000 - 0x000007fefdecd000 	C:\Windows\system32\RPCRT4.dll
0x00000000779d0000 - 0x0000000077aca000 	C:\Windows\system32\USER32.dll
0x000007fefdf40000 - 0x000007fefdfa7000 	C:\Windows\system32\GDI32.dll
0x000007fefe1a0000 - 0x000007fefe1ae000 	C:\Windows\system32\LPK.dll
0x000007fefe0d0000 - 0x000007fefe199000 	C:\Windows\system32\USP10.dll
0x000007fefab70000 - 0x000007fefad64000 	C:\Windows\WinSxS\amd64_microsoft.windows.common-controls_6595b64144ccf1df_6.0.7601.18837_none_fa3b1e3d17594757\COMCTL32.dll
0x000007fefe1b0000 - 0x000007fefe221000 	C:\Windows\system32\SHLWAPI.dll
0x000007fefdd70000 - 0x000007fefdd9e000 	C:\Windows\system32\IMM32.DLL
0x000007fefe770000 - 0x000007fefe879000 	C:\Windows\system32\MSCTF.dll
0x000007fef7700000 - 0x000007fef7793000 	C:\Program Files (x86)\AVG\AVG2015\avghooka.dll
0x000000006cb90000 - 0x000000006cc62000 	C:\Program Files\Java\jdk1.8.0\jre\bin\msvcr100.dll
0x0000000063ab0000 - 0x00000000642da000 	C:\Program Files\Java\jdk1.8.0\jre\bin\server\jvm.dll
0x000007fef5120000 - 0x000007fef5129000 	C:\Windows\system32\WSOCK32.dll
0x000007fefdef0000 - 0x000007fefdf3d000 	C:\Windows\system32\WS2_32.dll
0x000007fefdb80000 - 0x000007fefdb88000 	C:\Windows\system32\NSI.dll
0x000007fefa1a0000 - 0x000007fefa1db000 	C:\Windows\system32\WINMM.dll
0x0000000077c90000 - 0x0000000077c97000 	C:\Windows\system32\PSAPI.DLL
0x0000000071060000 - 0x000000007106f000 	C:\Program Files\Java\jdk1.8.0\jre\bin\verify.dll
0x0000000070820000 - 0x0000000070848000 	C:\Program Files\Java\jdk1.8.0\jre\bin\java.dll
0x0000000070640000 - 0x0000000070675000 	C:\Program Files\Java\jdk1.8.0\jre\bin\jdwp.dll
0x0000000070810000 - 0x0000000070818000 	C:\Program Files\Java\jdk1.8.0\jre\bin\npt.dll
0x0000000070370000 - 0x0000000070386000 	C:\Program Files\Java\jdk1.8.0\jre\bin\zip.dll
0x000007fefc9e0000 - 0x000007fefd769000 	C:\Windows\system32\SHELL32.dll
0x000007fefe2f0000 - 0x000007fefe4f3000 	C:\Windows\system32\ole32.dll
0x000007fefc620000 - 0x000007fefc62f000 	C:\Windows\system32\profapi.dll
0x00000000700c0000 - 0x00000000700c9000 	C:\Program Files\Java\jdk1.8.0\jre\bin\dt_socket.dll
0x000007fefa0b0000 - 0x000007fefa0c5000 	C:\Windows\system32\NLAapi.dll
0x000007fef6140000 - 0x000007fef6155000 	C:\Windows\system32\napinsp.dll
0x000007fef6120000 - 0x000007fef6139000 	C:\Windows\system32\pnrpnsp.dll
0x000007fefbd90000 - 0x000007fefbde5000 	C:\Windows\System32\mswsock.dll
0x000007fefbbe0000 - 0x000007fefbc3b000 	C:\Windows\system32\DNSAPI.dll
0x000007fef6110000 - 0x000007fef611b000 	C:\Windows\System32\winrnr.dll
0x000007fef6100000 - 0x000007fef6110000 	C:\Windows\system32\wshbth.dll
0x000007fef9e20000 - 0x000007fef9e47000 	C:\Windows\system32\IPHLPAPI.DLL
0x000007fef9e10000 - 0x000007fef9e1b000 	C:\Windows\system32\WINNSI.DLL
0x000007fef90a0000 - 0x000007fef90f3000 	C:\Windows\System32\fwpuclnt.dll
0x000007fef6ad0000 - 0x000007fef6ad8000 	C:\Windows\system32\rasadhlp.dll
0x000007fefb7c0000 - 0x000007fefb7c7000 	C:\Windows\System32\wshtcpip.dll
0x000000006fe60000 - 0x000000006fe7a000 	C:\Program Files\Java\jdk1.8.0\jre\bin\net.dll
0x000007fefbf20000 - 0x000007fefbf27000 	C:\Windows\System32\wship6.dll
0x000000006faa0000 - 0x000000006fab1000 	C:\Program Files\Java\jdk1.8.0\jre\bin\nio.dll
0x000007fef9c00000 - 0x000007fef9d25000 	C:\Windows\system32\dbghelp.dll

VM Arguments:
jvm_args: -agentlib:jdwp=transport=dt_socket,suspend=y,address=localhost:60504 -Dfile.encoding=UTF-8 
java_command: org.eclipse.jdt.internal.junit.runner.RemoteTestRunner -version 3 -port 60503 -testLoaderClass org.eclipse.jdt.internal.junit4.runner.JUnit4TestLoader -loaderpluginname org.eclipse.jdt.junit4.runtime -test compiler.sense.TestSenseGrammar:testCompilerProgram
java_class_path (initial): C:\Projects\GitHub\compilelittle\target\test-classes;C:\Projects\GitHub\compilelittle\target\classes;C:\Projects\eclipse\luna\plugins\org.junit_4.11.0.v201303080030\junit.jar;C:\Projects\eclipse\luna\plugins\org.hamcrest.core_1.3.0.v201303031735.jar;C:\Projects\Maven\Repository\junit\junit\4.1\junit-4.1.jar;/C:/Projects/eclipse/luna/configuration/org.eclipse.osgi/362/0/.cp/;/C:/Projects/eclipse/luna/configuration/org.eclipse.osgi/361/0/.cp/
Launcher Type: SUN_STANDARD

Environment Variables:
JAVA_HOME=C:\Program Files\Java\jdk1.8.0
CLASSPATH=.;C:\Program Files\Java\jdk1.8.0\bin
PATH=C:\Program Files\Java\jdk1.8.0\jre\bin;C:/Program Files/Java/jre1.8.0_51/bin/server;C:/Program Files/Java/jre1.8.0_51/bin;C:/Program Files/Java/jre1.8.0_51/lib/amd64;C:\ProgramData\Oracle\Java\javapath;C:\Program Files (x86)\NVIDIA Corporation\PhysX\Common;C:\Projects\apache-maven-3.0.3\bin;C:\Windows\system32;C:\Windows;C:\Windows\System32\Wbem;C:\Windows\System32\WindowsPowerShell\v1.0\;c:\Program Files (x86)\Common Files\Roxio Shared\10.0\DLLShared\;c:\Program Files (x86)\Common Files\Roxio Shared\DLLShared\;C:\Program Files (x86)\ZipGenius 6\;C:\Program Files\FileBot\;C:\Program Files (x86)\GtkSharp\2.12\bin;.;C:\Program Files\Java\jdk1.8.0\bin;C:\Projects\bnfc\;C:\Program Files\OpenVPN\bin;C:\Projects\eclipse\luna;
USERNAME=Sergio
OS=Windows_NT
PROCESSOR_IDENTIFIER=Intel64 Family 6 Model 30 Stepping 5, GenuineIntel



---------------  S Y S T E M  ---------------

OS: Windows 7 , 64 bit Build 7601 Service Pack 1

CPU:total 4 (4 cores per cpu, 1 threads per core) family 6 model 30 stepping 5, cmov, cx8, fxsr, mmx, sse, sse2, sse3, ssse3, sse4.1, sse4.2, popcnt, tsc, tscinvbit

Memory: 4k page, physical 6249552k(683596k free), swap 12497264k(5603588k free)

vm_info: Java HotSpot(TM) 64-Bit Server VM (25.0-b70) for windows-amd64 JRE (1.8.0-b132), built on Mar  4 2014 03:46:18 by "java_re" with MS VC++ 10.0 (VS2010)

time: Sat Aug 15 23:10:55 2015
elapsed time: 149 seconds

